Analysis & Synthesis report for RTL_Blink_LED
Mon Aug 12 15:40:12 2019
Quartus Prime Version 18.1.0 Build 625 09/12/2018 SJ Standard Edition


---------------------
; Table of Contents ;
---------------------
  1. Legal Notice
  2. Analysis & Synthesis Summary
  3. Analysis & Synthesis Settings
  4. Parallel Compilation
  5. Analysis & Synthesis Source Files Read
  6. Analysis & Synthesis Resource Usage Summary
  7. Analysis & Synthesis Resource Utilization by Entity
  8. User-Specified and Inferred Latches
  9. General Register Statistics
 10. Parameter Settings for User Entity Instance: Top-level Entity: |RTL_Blink_LED
 11. Port Connectivity Checks: "conversorHex7Seg:display01"
 12. Port Connectivity Checks: "conversorHex7Seg:display00"
 13. Post-Synthesis Netlist Statistics for Top Partition
 14. Elapsed Time Per Partition
 15. Analysis & Synthesis Messages



----------------
; Legal Notice ;
----------------
Copyright (C) 2018  Intel Corporation. All rights reserved.
Your use of Intel Corporation's design tools, logic functions 
and other software and tools, and its AMPP partner logic 
functions, and any output files from any of the foregoing 
(including device programming or simulation files), and any 
associated documentation or information are expressly subject 
to the terms and conditions of the Intel Program License 
Subscription Agreement, the Intel Quartus Prime License Agreement,
the Intel FPGA IP License Agreement, or other applicable license
agreement, including, without limitation, that your use is for
the sole purpose of programming logic devices manufactured by
Intel and sold by Intel or its authorized distributors.  Please
refer to the applicable agreement for further details.



+-----------------------------------------------------------------------------------+
; Analysis & Synthesis Summary                                                      ;
+---------------------------------+-------------------------------------------------+
; Analysis & Synthesis Status     ; Successful - Mon Aug 12 15:40:12 2019           ;
; Quartus Prime Version           ; 18.1.0 Build 625 09/12/2018 SJ Standard Edition ;
; Revision Name                   ; RTL_Blink_LED                                   ;
; Top-level Entity Name           ; RTL_Blink_LED                                   ;
; Family                          ; Cyclone V                                       ;
; Logic utilization (in ALMs)     ; N/A                                             ;
; Total registers                 ; 30                                              ;
; Total pins                      ; 35                                              ;
; Total virtual pins              ; 0                                               ;
; Total block memory bits         ; 0                                               ;
; Total DSP Blocks                ; 0                                               ;
; Total HSSI RX PCSs              ; 0                                               ;
; Total HSSI PMA RX Deserializers ; 0                                               ;
; Total HSSI TX PCSs              ; 0                                               ;
; Total HSSI PMA TX Serializers   ; 0                                               ;
; Total PLLs                      ; 0                                               ;
; Total DLLs                      ; 0                                               ;
+---------------------------------+-------------------------------------------------+


+---------------------------------------------------------------------------------------------------------------------------+
; Analysis & Synthesis Settings                                                                                             ;
+---------------------------------------------------------------------------------+--------------------+--------------------+
; Option                                                                          ; Setting            ; Default Value      ;
+---------------------------------------------------------------------------------+--------------------+--------------------+
; Device                                                                          ; 5CSXFC6D6F31C6     ;                    ;
; Top-level entity name                                                           ; RTL_Blink_LED      ; RTL_Blink_LED      ;
; Family name                                                                     ; Cyclone V          ; Cyclone V          ;
; VHDL Show LMF Mapping Messages                                                  ; Off                ;                    ;
; VHDL Version                                                                    ; VHDL_2008          ; VHDL_1993          ;
; Use smart compilation                                                           ; Off                ; Off                ;
; Enable parallel Assembler and Timing Analyzer during compilation                ; On                 ; On                 ;
; Enable compact report table                                                     ; Off                ; Off                ;
; Restructure Multiplexers                                                        ; Auto               ; Auto               ;
; MLAB Add Timing Constraints For Mixed-Port Feed-Through Mode Setting Don't Care ; Off                ; Off                ;
; Create Debugging Nodes for IP Cores                                             ; Off                ; Off                ;
; Preserve fewer node names                                                       ; On                 ; On                 ;
; Intel FPGA IP Evaluation Mode                                                   ; Enable             ; Enable             ;
; Verilog Version                                                                 ; Verilog_2001       ; Verilog_2001       ;
; State Machine Processing                                                        ; Auto               ; Auto               ;
; Safe State Machine                                                              ; Off                ; Off                ;
; Extract Verilog State Machines                                                  ; On                 ; On                 ;
; Extract VHDL State Machines                                                     ; On                 ; On                 ;
; Ignore Verilog initial constructs                                               ; Off                ; Off                ;
; Iteration limit for constant Verilog loops                                      ; 5000               ; 5000               ;
; Iteration limit for non-constant Verilog loops                                  ; 250                ; 250                ;
; Add Pass-Through Logic to Inferred RAMs                                         ; On                 ; On                 ;
; Infer RAMs from Raw Logic                                                       ; On                 ; On                 ;
; Parallel Synthesis                                                              ; On                 ; On                 ;
; DSP Block Balancing                                                             ; Auto               ; Auto               ;
; NOT Gate Push-Back                                                              ; On                 ; On                 ;
; Power-Up Don't Care                                                             ; On                 ; On                 ;
; Remove Redundant Logic Cells                                                    ; Off                ; Off                ;
; Remove Duplicate Registers                                                      ; On                 ; On                 ;
; Ignore CARRY Buffers                                                            ; Off                ; Off                ;
; Ignore CASCADE Buffers                                                          ; Off                ; Off                ;
; Ignore GLOBAL Buffers                                                           ; Off                ; Off                ;
; Ignore ROW GLOBAL Buffers                                                       ; Off                ; Off                ;
; Ignore LCELL Buffers                                                            ; Off                ; Off                ;
; Ignore SOFT Buffers                                                             ; On                 ; On                 ;
; Limit AHDL Integers to 32 Bits                                                  ; Off                ; Off                ;
; Optimization Technique                                                          ; Balanced           ; Balanced           ;
; Carry Chain Length                                                              ; 70                 ; 70                 ;
; Auto Carry Chains                                                               ; On                 ; On                 ;
; Auto Open-Drain Pins                                                            ; On                 ; On                 ;
; Perform WYSIWYG Primitive Resynthesis                                           ; Off                ; Off                ;
; Auto ROM Replacement                                                            ; On                 ; On                 ;
; Auto RAM Replacement                                                            ; On                 ; On                 ;
; Auto DSP Block Replacement                                                      ; On                 ; On                 ;
; Auto Shift Register Replacement                                                 ; Auto               ; Auto               ;
; Allow Shift Register Merging across Hierarchies                                 ; Auto               ; Auto               ;
; Auto Clock Enable Replacement                                                   ; On                 ; On                 ;
; Strict RAM Replacement                                                          ; Off                ; Off                ;
; Allow Synchronous Control Signals                                               ; On                 ; On                 ;
; Force Use of Synchronous Clear Signals                                          ; Off                ; Off                ;
; Auto Resource Sharing                                                           ; Off                ; Off                ;
; Allow Any RAM Size For Recognition                                              ; Off                ; Off                ;
; Allow Any ROM Size For Recognition                                              ; Off                ; Off                ;
; Allow Any Shift Register Size For Recognition                                   ; Off                ; Off                ;
; Use LogicLock Constraints during Resource Balancing                             ; On                 ; On                 ;
; Ignore translate_off and synthesis_off directives                               ; Off                ; Off                ;
; Timing-Driven Synthesis                                                         ; On                 ; On                 ;
; Report Parameter Settings                                                       ; On                 ; On                 ;
; Report Source Assignments                                                       ; On                 ; On                 ;
; Report Connectivity Checks                                                      ; On                 ; On                 ;
; Ignore Maximum Fan-Out Assignments                                              ; Off                ; Off                ;
; Synchronization Register Chain Length                                           ; 3                  ; 3                  ;
; Power Optimization During Synthesis                                             ; Normal compilation ; Normal compilation ;
; HDL message level                                                               ; Level2             ; Level2             ;
; Suppress Register Optimization Related Messages                                 ; Off                ; Off                ;
; Number of Removed Registers Reported in Synthesis Report                        ; 5000               ; 5000               ;
; Number of Swept Nodes Reported in Synthesis Report                              ; 5000               ; 5000               ;
; Number of Inverted Registers Reported in Synthesis Report                       ; 100                ; 100                ;
; Clock MUX Protection                                                            ; On                 ; On                 ;
; Auto Gated Clock Conversion                                                     ; Off                ; Off                ;
; Block Design Naming                                                             ; Auto               ; Auto               ;
; SDC constraint protection                                                       ; Off                ; Off                ;
; Synthesis Effort                                                                ; Auto               ; Auto               ;
; Shift Register Replacement - Allow Asynchronous Clear Signal                    ; On                 ; On                 ;
; Pre-Mapping Resynthesis Optimization                                            ; Off                ; Off                ;
; Analysis & Synthesis Message Level                                              ; Medium             ; Medium             ;
; Disable Register Merging Across Hierarchies                                     ; Auto               ; Auto               ;
; Resource Aware Inference For Block RAM                                          ; On                 ; On                 ;
; Automatic Parallel Synthesis                                                    ; On                 ; On                 ;
; Partial Reconfiguration Bitstream ID                                            ; Off                ; Off                ;
+---------------------------------------------------------------------------------+--------------------+--------------------+


+------------------------------------------+
; Parallel Compilation                     ;
+----------------------------+-------------+
; Processors                 ; Number      ;
+----------------------------+-------------+
; Number detected on machine ; 4           ;
; Maximum allowed            ; 2           ;
;                            ;             ;
; Average used               ; 1.00        ;
; Maximum used               ; 2           ;
;                            ;             ;
; Usage by Processor         ; % Time Used ;
;     Processor 1            ; 100.0%      ;
;     Processor 2            ;   0.0%      ;
+----------------------------+-------------+


+-------------------------------------------------------------------------------------------------------------------------------------------------------------+
; Analysis & Synthesis Source Files Read                                                                                                                      ;
+----------------------------------+-----------------+-----------------+----------------------------------------------------------------------------+---------+
; File Name with User-Entered Path ; Used in Netlist ; File Type       ; File Name with Absolute Path                                               ; Library ;
+----------------------------------+-----------------+-----------------+----------------------------------------------------------------------------+---------+
; RTL_Blink_LED.vhd                ; yes             ; User VHDL File  ; /home/leonardo/Git_Hub/Embarcados-Avancados/Entrega-1/RTL_Blink_LED.vhd    ;         ;
; LED_peripheral.vhd               ; yes             ; User VHDL File  ; /home/leonardo/Git_Hub/Embarcados-Avancados/Entrega-1/LED_peripheral.vhd   ;         ;
; conversorHex7Seg.vhd             ; yes             ; User VHDL File  ; /home/leonardo/Git_Hub/Embarcados-Avancados/Entrega-1/conversorHex7Seg.vhd ;         ;
+----------------------------------+-----------------+-----------------+----------------------------------------------------------------------------+---------+


+-----------------------------------------------------------------------+
; Analysis & Synthesis Resource Usage Summary                           ;
+---------------------------------------------+-------------------------+
; Resource                                    ; Usage                   ;
+---------------------------------------------+-------------------------+
; Estimate of Logic utilization (ALMs needed) ; 42                      ;
;                                             ;                         ;
; Combinational ALUT usage for logic          ; 76                      ;
;     -- 7 input functions                    ; 1                       ;
;     -- 6 input functions                    ; 6                       ;
;     -- 5 input functions                    ; 14                      ;
;     -- 4 input functions                    ; 10                      ;
;     -- <=3 input functions                  ; 45                      ;
;                                             ;                         ;
; Dedicated logic registers                   ; 30                      ;
;                                             ;                         ;
; I/O pins                                    ; 35                      ;
;                                             ;                         ;
; Total DSP Blocks                            ; 0                       ;
;                                             ;                         ;
; Maximum fan-out node                        ; LED_peripheral:L|enable ;
; Maximum fan-out                             ; 31                      ;
; Total fan-out                               ; 426                     ;
; Average fan-out                             ; 2.42                    ;
+---------------------------------------------+-------------------------+


+------------------------------------------------------------------------------------------------------------------------------------------------------------------------------------------------------------------------+
; Analysis & Synthesis Resource Utilization by Entity                                                                                                                                                                    ;
+---------------------------------+---------------------+---------------------------+-------------------+------------+------+--------------+-------------------------------------------+------------------+--------------+
; Compilation Hierarchy Node      ; Combinational ALUTs ; Dedicated Logic Registers ; Block Memory Bits ; DSP Blocks ; Pins ; Virtual Pins ; Full Hierarchy Name                       ; Entity Name      ; Library Name ;
+---------------------------------+---------------------+---------------------------+-------------------+------------+------+--------------+-------------------------------------------+------------------+--------------+
; |RTL_Blink_LED                  ; 76 (27)             ; 30 (0)                    ; 0                 ; 0          ; 35   ; 0            ; |RTL_Blink_LED                            ; RTL_Blink_LED    ; work         ;
;    |LED_peripheral:L|           ; 42 (42)             ; 30 (30)                   ; 0                 ; 0          ; 0    ; 0            ; |RTL_Blink_LED|LED_peripheral:L           ; LED_peripheral   ; work         ;
;    |conversorHex7Seg:display00| ; 7 (7)               ; 0 (0)                     ; 0                 ; 0          ; 0    ; 0            ; |RTL_Blink_LED|conversorHex7Seg:display00 ; conversorHex7Seg ; work         ;
+---------------------------------+---------------------+---------------------------+-------------------+------------+------+--------------+-------------------------------------------+------------------+--------------+
Note: For table entries with two numbers listed, the numbers in parentheses indicate the number of resources of the given type used by the specific entity alone. The numbers listed outside of parentheses indicate the total resources of the given type used by the specific entity and all of its sub-entities in the hierarchy.


+---------------------------------------------------------------------------------------------------+
; User-Specified and Inferred Latches                                                               ;
+----------------------------------------------------+---------------------+------------------------+
; Latch Name                                         ; Latch Enable Signal ; Free of Timing Hazards ;
+----------------------------------------------------+---------------------+------------------------+
; d1[1]                                              ; WideNor0            ; yes                    ;
; d1[0]                                              ; WideNor0            ; yes                    ;
; d1[2]                                              ; WideNor0            ; yes                    ;
; d1[3]                                              ; WideNor0            ; yes                    ;
; d2[0]                                              ; WideNor0            ; yes                    ;
; LED_peripheral:L|frequency[3]                      ; WideNor0            ; yes                    ;
; LED_peripheral:L|frequency[2]                      ; WideNor0            ; yes                    ;
; LED_peripheral:L|frequency[1]                      ; WideNor0            ; yes                    ;
; LED_peripheral:L|frequency[0]                      ; WideNor0            ; yes                    ;
; Number of user-specified and inferred latches = 9  ;                     ;                        ;
+----------------------------------------------------+---------------------+------------------------+
Note: All latches listed above may not be present at the end of synthesis due to various synthesis optimizations.


+------------------------------------------------------+
; General Register Statistics                          ;
+----------------------------------------------+-------+
; Statistic                                    ; Value ;
+----------------------------------------------+-------+
; Total registers                              ; 30    ;
; Number of registers using Synchronous Clear  ; 28    ;
; Number of registers using Synchronous Load   ; 0     ;
; Number of registers using Asynchronous Clear ; 0     ;
; Number of registers using Asynchronous Load  ; 0     ;
; Number of registers using Clock Enable       ; 28    ;
; Number of registers using Preset             ; 0     ;
+----------------------------------------------+-------+


+-------------------------------------------------------------------------------+
; Parameter Settings for User Entity Instance: Top-level Entity: |RTL_Blink_LED ;
+----------------+------------+-------------------------------------------------+
; Parameter Name ; Value      ; Type                                            ;
+----------------+------------+-------------------------------------------------+
; lF             ; 1001000110 ; Unsigned Binary                                 ;
; lN             ; 1001001110 ; Unsigned Binary                                 ;
; lO             ; 1001001111 ; Unsigned Binary                                 ;
+----------------+------------+-------------------------------------------------+
Note: In order to hide this table in the UI and the text report file, please set the "Show Parameter Settings in Synthesis Report" option in "Analysis and Synthesis Settings -> More Settings" to "Off".


+--------------------------------------------------------+
; Port Connectivity Checks: "conversorHex7Seg:display01" ;
+---------------+-------+----------+---------------------+
; Port          ; Type  ; Severity ; Details             ;
+---------------+-------+----------+---------------------+
; dadohex[3..1] ; Input ; Info     ; Stuck at GND        ;
; apaga         ; Input ; Info     ; Stuck at GND        ;
; negativo      ; Input ; Info     ; Stuck at GND        ;
; overflow      ; Input ; Info     ; Stuck at GND        ;
+---------------+-------+----------+---------------------+


+--------------------------------------------------------+
; Port Connectivity Checks: "conversorHex7Seg:display00" ;
+----------+-------+----------+--------------------------+
; Port     ; Type  ; Severity ; Details                  ;
+----------+-------+----------+--------------------------+
; apaga    ; Input ; Info     ; Stuck at GND             ;
; negativo ; Input ; Info     ; Stuck at GND             ;
; overflow ; Input ; Info     ; Stuck at GND             ;
+----------+-------+----------+--------------------------+


+-----------------------------------------------------+
; Post-Synthesis Netlist Statistics for Top Partition ;
+-----------------------+-----------------------------+
; Type                  ; Count                       ;
+-----------------------+-----------------------------+
; arriav_ff             ; 30                          ;
;     ENA SCLR          ; 28                          ;
;     plain             ; 2                           ;
; arriav_lcell_comb     ; 78                          ;
;     arith             ; 28                          ;
;         1 data inputs ; 24                          ;
;         2 data inputs ; 4                           ;
;     extend            ; 1                           ;
;         7 data inputs ; 1                           ;
;     normal            ; 49                          ;
;         0 data inputs ; 2                           ;
;         1 data inputs ; 1                           ;
;         2 data inputs ; 3                           ;
;         3 data inputs ; 13                          ;
;         4 data inputs ; 10                          ;
;         5 data inputs ; 14                          ;
;         6 data inputs ; 6                           ;
; boundary_port         ; 35                          ;
;                       ;                             ;
; Max LUT depth         ; 4.00                        ;
; Average LUT depth     ; 2.94                        ;
+-----------------------+-----------------------------+


+-------------------------------+
; Elapsed Time Per Partition    ;
+----------------+--------------+
; Partition Name ; Elapsed Time ;
+----------------+--------------+
; Top            ; 00:00:00     ;
+----------------+--------------+


+-------------------------------+
; Analysis & Synthesis Messages ;
+-------------------------------+
Info: *******************************************************************
Info: Running Quartus Prime Analysis & Synthesis
    Info: Version 18.1.0 Build 625 09/12/2018 SJ Standard Edition
    Info: Processing started: Mon Aug 12 15:39:58 2019
Info: Command: quartus_map --read_settings_files=on --write_settings_files=off RTL_Blink_LED -c RTL_Blink_LED
Warning (18236): Number of processors has not been specified which may cause overloading on shared machines.  Set the global assignment NUM_PARALLEL_PROCESSORS in your QSF to an appropriate value for best performance.
Info (20030): Parallel compilation is enabled and will use 2 of the 2 processors detected
Info (12021): Found 2 design units, including 1 entities, in source file RTL_Blink_LED.vhd
    Info (12022): Found design unit 1: RTL_Blink_LED-rtl File: /home/leonardo/Git_Hub/Embarcados-Avancados/Entrega-1/RTL_Blink_LED.vhd Line: 39
    Info (12023): Found entity 1: RTL_Blink_LED File: /home/leonardo/Git_Hub/Embarcados-Avancados/Entrega-1/RTL_Blink_LED.vhd Line: 5
Info (12021): Found 2 design units, including 1 entities, in source file LED_peripheral.vhd
    Info (12022): Found design unit 1: LED_peripheral-ledphr File: /home/leonardo/Git_Hub/Embarcados-Avancados/Entrega-1/LED_peripheral.vhd Line: 19
    Info (12023): Found entity 1: LED_peripheral File: /home/leonardo/Git_Hub/Embarcados-Avancados/Entrega-1/LED_peripheral.vhd Line: 4
Info (12021): Found 2 design units, including 1 entities, in source file conversorHex7Seg.vhd
    Info (12022): Found design unit 1: conversorHex7Seg-comportamento File: /home/leonardo/Git_Hub/Embarcados-Avancados/Entrega-1/conversorHex7Seg.vhd Line: 18
    Info (12023): Found entity 1: conversorHex7Seg File: /home/leonardo/Git_Hub/Embarcados-Avancados/Entrega-1/conversorHex7Seg.vhd Line: 4
Info (12127): Elaborating entity "RTL_Blink_LED" for the top level hierarchy
Info (10041): Inferred latch for "d2[0]" at RTL_Blink_LED.vhd(60) File: /home/leonardo/Git_Hub/Embarcados-Avancados/Entrega-1/RTL_Blink_LED.vhd Line: 60
Info (10041): Inferred latch for "d2[1]" at RTL_Blink_LED.vhd(60) File: /home/leonardo/Git_Hub/Embarcados-Avancados/Entrega-1/RTL_Blink_LED.vhd Line: 60
Info (10041): Inferred latch for "d2[2]" at RTL_Blink_LED.vhd(60) File: /home/leonardo/Git_Hub/Embarcados-Avancados/Entrega-1/RTL_Blink_LED.vhd Line: 60
Info (10041): Inferred latch for "d2[3]" at RTL_Blink_LED.vhd(60) File: /home/leonardo/Git_Hub/Embarcados-Avancados/Entrega-1/RTL_Blink_LED.vhd Line: 60
Info (10041): Inferred latch for "d1[0]" at RTL_Blink_LED.vhd(47) File: /home/leonardo/Git_Hub/Embarcados-Avancados/Entrega-1/RTL_Blink_LED.vhd Line: 47
Info (10041): Inferred latch for "d1[1]" at RTL_Blink_LED.vhd(47) File: /home/leonardo/Git_Hub/Embarcados-Avancados/Entrega-1/RTL_Blink_LED.vhd Line: 47
Info (10041): Inferred latch for "d1[2]" at RTL_Blink_LED.vhd(47) File: /home/leonardo/Git_Hub/Embarcados-Avancados/Entrega-1/RTL_Blink_LED.vhd Line: 47
Info (10041): Inferred latch for "d1[3]" at RTL_Blink_LED.vhd(47) File: /home/leonardo/Git_Hub/Embarcados-Avancados/Entrega-1/RTL_Blink_LED.vhd Line: 47
Info (12128): Elaborating entity "LED_peripheral" for hierarchy "LED_peripheral:L" File: /home/leonardo/Git_Hub/Embarcados-Avancados/Entrega-1/RTL_Blink_LED.vhd Line: 74
Warning (10492): VHDL Process Statement warning at LED_peripheral.vhd(53): signal "enable" is read inside the Process Statement but isn't in the Process Statement's sensitivity list File: /home/leonardo/Git_Hub/Embarcados-Avancados/Entrega-1/LED_peripheral.vhd Line: 53
Info (10041): Inferred latch for "frequency[0]" at LED_peripheral.vhd(29) File: /home/leonardo/Git_Hub/Embarcados-Avancados/Entrega-1/LED_peripheral.vhd Line: 29
Info (10041): Inferred latch for "frequency[1]" at LED_peripheral.vhd(29) File: /home/leonardo/Git_Hub/Embarcados-Avancados/Entrega-1/LED_peripheral.vhd Line: 29
Info (10041): Inferred latch for "frequency[2]" at LED_peripheral.vhd(29) File: /home/leonardo/Git_Hub/Embarcados-Avancados/Entrega-1/LED_peripheral.vhd Line: 29
Info (10041): Inferred latch for "frequency[3]" at LED_peripheral.vhd(29) File: /home/leonardo/Git_Hub/Embarcados-Avancados/Entrega-1/LED_peripheral.vhd Line: 29
Info (10041): Inferred latch for "frequency[4]" at LED_peripheral.vhd(29) File: /home/leonardo/Git_Hub/Embarcados-Avancados/Entrega-1/LED_peripheral.vhd Line: 29
Info (10041): Inferred latch for "frequency[5]" at LED_peripheral.vhd(29) File: /home/leonardo/Git_Hub/Embarcados-Avancados/Entrega-1/LED_peripheral.vhd Line: 29
Info (10041): Inferred latch for "frequency[6]" at LED_peripheral.vhd(29) File: /home/leonardo/Git_Hub/Embarcados-Avancados/Entrega-1/LED_peripheral.vhd Line: 29
Info (10041): Inferred latch for "frequency[7]" at LED_peripheral.vhd(29) File: /home/leonardo/Git_Hub/Embarcados-Avancados/Entrega-1/LED_peripheral.vhd Line: 29
Info (10041): Inferred latch for "frequency[8]" at LED_peripheral.vhd(29) File: /home/leonardo/Git_Hub/Embarcados-Avancados/Entrega-1/LED_peripheral.vhd Line: 29
Info (10041): Inferred latch for "frequency[9]" at LED_peripheral.vhd(29) File: /home/leonardo/Git_Hub/Embarcados-Avancados/Entrega-1/LED_peripheral.vhd Line: 29
Info (10041): Inferred latch for "frequency[10]" at LED_peripheral.vhd(29) File: /home/leonardo/Git_Hub/Embarcados-Avancados/Entrega-1/LED_peripheral.vhd Line: 29
Info (10041): Inferred latch for "frequency[11]" at LED_peripheral.vhd(29) File: /home/leonardo/Git_Hub/Embarcados-Avancados/Entrega-1/LED_peripheral.vhd Line: 29
Info (10041): Inferred latch for "frequency[12]" at LED_peripheral.vhd(29) File: /home/leonardo/Git_Hub/Embarcados-Avancados/Entrega-1/LED_peripheral.vhd Line: 29
Info (10041): Inferred latch for "frequency[13]" at LED_peripheral.vhd(29) File: /home/leonardo/Git_Hub/Embarcados-Avancados/Entrega-1/LED_peripheral.vhd Line: 29
Info (10041): Inferred latch for "frequency[14]" at LED_peripheral.vhd(29) File: /home/leonardo/Git_Hub/Embarcados-Avancados/Entrega-1/LED_peripheral.vhd Line: 29
Info (10041): Inferred latch for "frequency[15]" at LED_peripheral.vhd(29) File: /home/leonardo/Git_Hub/Embarcados-Avancados/Entrega-1/LED_peripheral.vhd Line: 29
Info (10041): Inferred latch for "frequency[16]" at LED_peripheral.vhd(29) File: /home/leonardo/Git_Hub/Embarcados-Avancados/Entrega-1/LED_peripheral.vhd Line: 29
Info (10041): Inferred latch for "frequency[17]" at LED_peripheral.vhd(29) File: /home/leonardo/Git_Hub/Embarcados-Avancados/Entrega-1/LED_peripheral.vhd Line: 29
Info (10041): Inferred latch for "frequency[18]" at LED_peripheral.vhd(29) File: /home/leonardo/Git_Hub/Embarcados-Avancados/Entrega-1/LED_peripheral.vhd Line: 29
Info (10041): Inferred latch for "frequency[19]" at LED_peripheral.vhd(29) File: /home/leonardo/Git_Hub/Embarcados-Avancados/Entrega-1/LED_peripheral.vhd Line: 29
Info (10041): Inferred latch for "frequency[20]" at LED_peripheral.vhd(29) File: /home/leonardo/Git_Hub/Embarcados-Avancados/Entrega-1/LED_peripheral.vhd Line: 29
Info (10041): Inferred latch for "frequency[21]" at LED_peripheral.vhd(29) File: /home/leonardo/Git_Hub/Embarcados-Avancados/Entrega-1/LED_peripheral.vhd Line: 29
Info (10041): Inferred latch for "frequency[22]" at LED_peripheral.vhd(29) File: /home/leonardo/Git_Hub/Embarcados-Avancados/Entrega-1/LED_peripheral.vhd Line: 29
Info (10041): Inferred latch for "frequency[23]" at LED_peripheral.vhd(29) File: /home/leonardo/Git_Hub/Embarcados-Avancados/Entrega-1/LED_peripheral.vhd Line: 29
Info (10041): Inferred latch for "frequency[24]" at LED_peripheral.vhd(29) File: /home/leonardo/Git_Hub/Embarcados-Avancados/Entrega-1/LED_peripheral.vhd Line: 29
Info (10041): Inferred latch for "frequency[25]" at LED_peripheral.vhd(29) File: /home/leonardo/Git_Hub/Embarcados-Avancados/Entrega-1/LED_peripheral.vhd Line: 29
Info (10041): Inferred latch for "frequency[26]" at LED_peripheral.vhd(29) File: /home/leonardo/Git_Hub/Embarcados-Avancados/Entrega-1/LED_peripheral.vhd Line: 29
Info (10041): Inferred latch for "frequency[27]" at LED_peripheral.vhd(29) File: /home/leonardo/Git_Hub/Embarcados-Avancados/Entrega-1/LED_peripheral.vhd Line: 29
Info (10041): Inferred latch for "frequency[28]" at LED_peripheral.vhd(29) File: /home/leonardo/Git_Hub/Embarcados-Avancados/Entrega-1/LED_peripheral.vhd Line: 29
Info (10041): Inferred latch for "frequency[29]" at LED_peripheral.vhd(29) File: /home/leonardo/Git_Hub/Embarcados-Avancados/Entrega-1/LED_peripheral.vhd Line: 29
Info (10041): Inferred latch for "frequency[30]" at LED_peripheral.vhd(29) File: /home/leonardo/Git_Hub/Embarcados-Avancados/Entrega-1/LED_peripheral.vhd Line: 29
Info (10041): Inferred latch for "frequency[31]" at LED_peripheral.vhd(29) File: /home/leonardo/Git_Hub/Embarcados-Avancados/Entrega-1/LED_peripheral.vhd Line: 29
Info (12128): Elaborating entity "conversorHex7Seg" for hierarchy "conversorHex7Seg:display00" File: /home/leonardo/Git_Hub/Embarcados-Avancados/Entrega-1/RTL_Blink_LED.vhd Line: 78
Info (13025): Duplicate LATCH primitives merged into single LATCH primitive
    Info (13026): Duplicate LATCH primitive "LED_peripheral:L|frequency[0]" merged with LATCH primitive "d1[0]" File: /home/leonardo/Git_Hub/Embarcados-Avancados/Entrega-1/LED_peripheral.vhd Line: 29
    Info (13026): Duplicate LATCH primitive "LED_peripheral:L|frequency[2]" merged with LATCH primitive "d1[2]" File: /home/leonardo/Git_Hub/Embarcados-Avancados/Entrega-1/LED_peripheral.vhd Line: 29
Warning (13012): Latch d1[1] has unsafe behavior File: /home/leonardo/Git_Hub/Embarcados-Avancados/Entrega-1/RTL_Blink_LED.vhd Line: 47
    Warning (13013): Ports D and ENA on the latch are fed by the same signal SW[0] File: /home/leonardo/Git_Hub/Embarcados-Avancados/Entrega-1/RTL_Blink_LED.vhd Line: 20
Warning (13012): Latch d1[0] has unsafe behavior File: /home/leonardo/Git_Hub/Embarcados-Avancados/Entrega-1/RTL_Blink_LED.vhd Line: 47
    Warning (13013): Ports D and ENA on the latch are fed by the same signal SW[0] File: /home/leonardo/Git_Hub/Embarcados-Avancados/Entrega-1/RTL_Blink_LED.vhd Line: 20
Warning (13012): Latch d1[2] has unsafe behavior File: /home/leonardo/Git_Hub/Embarcados-Avancados/Entrega-1/RTL_Blink_LED.vhd Line: 47
    Warning (13013): Ports D and ENA on the latch are fed by the same signal SW[0] File: /home/leonardo/Git_Hub/Embarcados-Avancados/Entrega-1/RTL_Blink_LED.vhd Line: 20
Warning (13012): Latch d1[3] has unsafe behavior File: /home/leonardo/Git_Hub/Embarcados-Avancados/Entrega-1/RTL_Blink_LED.vhd Line: 47
    Warning (13013): Ports D and ENA on the latch are fed by the same signal SW[0] File: /home/leonardo/Git_Hub/Embarcados-Avancados/Entrega-1/RTL_Blink_LED.vhd Line: 20
Warning (13012): Latch d2[0] has unsafe behavior File: /home/leonardo/Git_Hub/Embarcados-Avancados/Entrega-1/RTL_Blink_LED.vhd Line: 60
    Warning (13013): Ports D and ENA on the latch are fed by the same signal SW[0] File: /home/leonardo/Git_Hub/Embarcados-Avancados/Entrega-1/RTL_Blink_LED.vhd Line: 20
Warning (13012): Latch LED_peripheral:L|frequency[3] has unsafe behavior File: /home/leonardo/Git_Hub/Embarcados-Avancados/Entrega-1/LED_peripheral.vhd Line: 29
    Warning (13013): Ports D and ENA on the latch are fed by the same signal SW[0] File: /home/leonardo/Git_Hub/Embarcados-Avancados/Entrega-1/RTL_Blink_LED.vhd Line: 20
Warning (13012): Latch LED_peripheral:L|frequency[1] has unsafe behavior File: /home/leonardo/Git_Hub/Embarcados-Avancados/Entrega-1/LED_peripheral.vhd Line: 29
    Warning (13013): Ports D and ENA on the latch are fed by the same signal SW[0] File: /home/leonardo/Git_Hub/Embarcados-Avancados/Entrega-1/RTL_Blink_LED.vhd Line: 20
Warning (13024): Output pins are stuck at VCC or GND
    Warning (13410): Pin "HEX1[1]" is stuck at GND File: /home/leonardo/Git_Hub/Embarcados-Avancados/Entrega-1/RTL_Blink_LED.vhd Line: 24
    Warning (13410): Pin "HEX1[2]" is stuck at GND File: /home/leonardo/Git_Hub/Embarcados-Avancados/Entrega-1/RTL_Blink_LED.vhd Line: 24
    Warning (13410): Pin "HEX1[6]" is stuck at VCC File: /home/leonardo/Git_Hub/Embarcados-Avancados/Entrega-1/RTL_Blink_LED.vhd Line: 24
Info (286030): Timing-Driven Synthesis is running
Info (16010): Generating hard_block partition "hard_block:auto_generated_inst"
    Info (16011): Adding 0 node(s), including 0 DDIO, 0 PLL, 0 transceiver and 0 LCELL
Warning (21074): Design contains 3 input pin(s) that do not drive logic
    Warning (15610): No output dependent on input pin "KEY[1]" File: /home/leonardo/Git_Hub/Embarcados-Avancados/Entrega-1/RTL_Blink_LED.vhd Line: 19
    Warning (15610): No output dependent on input pin "KEY[2]" File: /home/leonardo/Git_Hub/Embarcados-Avancados/Entrega-1/RTL_Blink_LED.vhd Line: 19
    Warning (15610): No output dependent on input pin "KEY[3]" File: /home/leonardo/Git_Hub/Embarcados-Avancados/Entrega-1/RTL_Blink_LED.vhd Line: 19
Info (21057): Implemented 111 device resources after synthesis - the final resource count might be different
    Info (21058): Implemented 15 input pins
    Info (21059): Implemented 20 output pins
    Info (21061): Implemented 76 logic cells
Info: Quartus Prime Analysis & Synthesis was successful. 0 errors, 24 warnings
    Info: Peak virtual memory: 1048 megabytes
    Info: Processing ended: Mon Aug 12 15:40:12 2019
    Info: Elapsed time: 00:00:14
    Info: Total CPU time (on all processors): 00:00:32


